<?xml version="1.0" encoding="UTF-8"?>
<!-- Generated by org.testng.reporters.JUnitReportReporter -->
<testsuite hostname="Vivaan" failures="0" tests="1" name="com.api.tests.CreateUserTestAPI6" time="4.484" errors="0" timestamp="2025-10-03T18:35:56 IST" skipped="0">
  <testcase classname="com.api.tests.CreateUserTestAPI6" name="userCreationTest" time="4.484"/>
</testsuite> <!-- com.api.tests.CreateUserTestAPI6 -->
