<?xml version="1.0" encoding="UTF-8"?>
<!-- Generated by org.testng.reporters.JUnitReportReporter -->
<testsuite hostname="Vivaan" failures="0" tests="1" name="com.api.tests.CreateUserTestAPI5" time="3.973" errors="0" timestamp="2025-10-03T17:08:56 IST" skipped="0">
  <testcase classname="com.api.tests.CreateUserTestAPI5" name="userCreationTest" time="3.973"/>
</testsuite> <!-- com.api.tests.CreateUserTestAPI5 -->
