<?xml version="1.0" encoding="UTF-8"?>
<!-- Generated by org.testng.reporters.JUnitReportReporter -->
<testsuite hostname="Vivaan" failures="0" tests="1" name="com.api.tests.CreateUserTestAPI3" time="3.113" errors="0" timestamp="2025-10-03T13:31:52 IST" skipped="0">
  <testcase classname="com.api.tests.CreateUserTestAPI3" name="userCreationTest" time="3.113"/>
</testsuite> <!-- com.api.tests.CreateUserTestAPI3 -->
