<?xml version="1.0" encoding="UTF-8"?>
<!-- Generated by org.testng.reporters.JUnitReportReporter -->
<testsuite hostname="Vivaan" failures="0" tests="1" name="com.api.tests.CreatePetTestAPI" time="4.517" errors="0" timestamp="2025-10-03T18:47:28 IST" skipped="0">
  <testcase classname="com.api.tests.CreatePetTestAPI" name="createSinglePetTest" time="4.517"/>
</testsuite> <!-- com.api.tests.CreatePetTestAPI -->
